<?xml version="1.0" encoding="utf-8"?><testsuites><testsuite errors="0" failures="2" hostname="navdeepkr-Latitude-E5440" name="pytest" skipped="0" tests="20" time="0.081" timestamp="2020-10-30T15:14:45.616546"><testcase classname="tests.test_div" file="tests/test_div.py" line="5" name="test_case1" time="0.000"></testcase><testcase classname="tests.test_div" file="tests/test_div.py" line="9" name="test_case2" time="0.000"></testcase><testcase classname="tests.test_div" file="tests/test_div.py" line="13" name="test_case3" time="0.001"><failure message="assert 0 == 0.2
 +  where 0 = div(1, 5)">def test_case3():
&gt;       assert div(1, 5) == 0.2
E       assert 0 == 0.2
E        +  where 0 = div(1, 5)

tests/test_div.py:15: AssertionError</failure></testcase><testcase classname="tests.test_div" file="tests/test_div.py" line="17" name="test_case4" time="0.001"></testcase><testcase classname="tests.test_div" file="tests/test_div.py" line="21" name="test_case5" time="0.001"><failure message="assert 0 == 0.4
 +  where 0 = div(2, 5)">def test_case5():
&gt;       assert div(2, 5) == 0.4
E       assert 0 == 0.4
E        +  where 0 = div(2, 5)

tests/test_div.py:23: AssertionError</failure></testcase><testcase classname="tests.test_multi" file="tests/test_multi.py" line="5" name="test_case1" time="0.000"></testcase><testcase classname="tests.test_multi" file="tests/test_multi.py" line="9" name="test_case2" time="0.000"></testcase><testcase classname="tests.test_multi" file="tests/test_multi.py" line="13" name="test_case3" time="0.000"></testcase><testcase classname="tests.test_multi" file="tests/test_multi.py" line="17" name="test_case4" time="0.000"></testcase><testcase classname="tests.test_multi" file="tests/test_multi.py" line="21" name="test_case5" time="0.000"></testcase><testcase classname="tests.test_sub" file="tests/test_sub.py" line="5" name="test_case1" time="0.000"></testcase><testcase classname="tests.test_sub" file="tests/test_sub.py" line="9" name="test_case2" time="0.000"></testcase><testcase classname="tests.test_sub" file="tests/test_sub.py" line="13" name="test_case3" time="0.001"></testcase><testcase classname="tests.test_sub" file="tests/test_sub.py" line="17" name="test_case4" time="0.001"></testcase><testcase classname="tests.test_sub" file="tests/test_sub.py" line="21" name="test_case5" time="0.001"></testcase><testcase classname="tests.test_sum" file="tests/test_sum.py" line="5" name="test_case1" time="0.001"></testcase><testcase classname="tests.test_sum" file="tests/test_sum.py" line="9" name="test_case2" time="0.000"></testcase><testcase classname="tests.test_sum" file="tests/test_sum.py" line="13" name="test_case3" time="0.000"></testcase><testcase classname="tests.test_sum" file="tests/test_sum.py" line="17" name="test_case4" time="0.000"></testcase><testcase classname="tests.test_sum" file="tests/test_sum.py" line="21" name="test_case5" time="0.000"></testcase></testsuite></testsuites>